#
# There is insufficient memory for the Java Runtime Environment to continue.
# Native memory allocation (mmap) failed to map 130023424 bytes for committing reserved memory.
# Possible reasons:
#   The system is out of physical RAM or swap space
#   The process is running with CompressedOops enabled, and the Java Heap may be blocking the growth of the native heap
# Possible solutions:
#   Reduce memory load on the system
#   Increase physical memory or swap space
#   Check if swap backing store is full
#   Decrease Java heap size (-Xmx/-Xms)
#   Decrease number of Java threads
#   Decrease Java thread stack sizes (-Xss)
#   Set larger code cache with -XX:ReservedCodeCacheSize=
# This output file may be truncated or incomplete.
#
#  Out of Memory Error (os_linux.cpp:2709), pid=19774, tid=19778
#
# JRE version:  (11.0.1+13) (build )
# Java VM: OpenJDK 64-Bit Server VM (11.0.1+13-Ubuntu-3ubuntu3.18.10.1, mixed mode, aot, sharing, tiered, compressed oops, g1 gc, linux-amd64)
# Core dump will be written. Default location: Core dumps may be processed with "/usr/share/apport/apport %p %s %c %d %P" (or dumping to /home/andy/go/src/github.com/the4thamigo-uk/kafka-play/java/stream_processors/join_to_latest/core.19774)
#

---------------  S U M M A R Y ------------

Command Line: /home/andy/go/src/github.com/the4thamigo-uk/kafka-play/java/stream_processors/join_to_latest/target/surefire/surefirebooter6243606893694138387.jar /home/andy/go/src/github.com/the4thamigo-uk/kafka-play/java/stream_processors/join_to_latest/target/surefire/surefire10072583454765715471tmp /home/andy/go/src/github.com/the4thamigo-uk/kafka-play/java/stream_processors/join_to_latest/target/surefire/surefire_05547498403824662683tmp

Host: Intel(R) Core(TM) i7-6500U CPU @ 2.50GHz, 4 cores, 7G, Ubuntu 18.10
Time: Tue Mar 12 12:16:12 2019 GMT elapsed time: 0 seconds (0d 0h 0m 0s)

---------------  T H R E A D  ---------------

Current thread (0x00007fb33c011800):  JavaThread "Unknown thread" [_thread_in_vm, id=19778, stack(0x00007fb340bba000,0x00007fb340cbb000)]

Stack: [0x00007fb340bba000,0x00007fb340cbb000],  sp=0x00007fb340cb92c0,  free space=1020k
Native frames: (J=compiled Java code, A=aot compiled Java code, j=interpreted, Vv=VM code, C=native code)
V  [libjvm.so+0xd531ce]
V  [libjvm.so+0xd53e0b]
V  [libjvm.so+0x6583a5]
V  [libjvm.so+0xb60ec8]
V  [libjvm.so+0xb5833d]
V  [libjvm.so+0x765dff]
V  [libjvm.so+0x7661ae]
V  [libjvm.so+0x76f836]
V  [libjvm.so+0x7e4194]
V  [libjvm.so+0x7e4da0]
V  [libjvm.so+0x7e51d7]
V  [libjvm.so+0x72c9a0]
V  [libjvm.so+0x72d0d1]
V  [libjvm.so+0xd15d82]
V  [libjvm.so+0xd16016]
V  [libjvm.so+0x7fba37]
V  [libjvm.so+0xcf683d]
V  [libjvm.so+0x8a15c1]  JNI_CreateJavaVM+0x51
C  [libjli.so+0x47ff]
C  [libjli.so+0x958d]


---------------  P R O C E S S  ---------------

Threads class SMR info:
_java_thread_list=0x00005620b909b120, length=0, elements={
}

Java Threads: ( => current thread )

Other Threads:
  0x00007fb33c027800 GCTaskThread "GC Thread#0" [stack: 0x00007fb340872000,0x00007fb340972000] [id=19779]
  0x00007fb33c058000 ConcurrentGCThread "G1 Main Marker" [stack: 0x00007fb3240dd000,0x00007fb3241dd000] [id=19780]
  0x00007fb33c05a000 ConcurrentGCThread "G1 Conc#0" [stack: 0x00007fb31c190000,0x00007fb31c290000] [id=19781]

[error occurred during error reporting (printing all threads), id 0xb, SIGSEGV (0xb) at pc=0x00007fb34172f970]

VM state:not at safepoint (not fully initialized)

VM Mutex/Monitor currently owned by a thread:  ([mutex/lock_event])
[0x00007fb33c00f0b0] Heap_lock - owner thread: 0x00007fb33c011800

Heap address: 0x0000000085200000, size: 1966 MB, Compressed Oops mode: Non-zero based: 0x0000000085200000
Narrow klass base: 0x0000000000000000, Narrow klass shift: 0

GC Heap History (0 events):
No events

Deoptimization events (0 events):
No events

Classes redefined (0 events):
No events

Internal exceptions (0 events):
No events

Events (0 events):
No events


Dynamic libraries:
8ce00000-100000000 ---p 00000000 00:00 0 
5620b8ef5000-5620b8ef6000 r--p 00000000 fd:01 12059099                   /usr/lib/jvm/java-11-openjdk-amd64/bin/java
5620b8ef6000-5620b8ef7000 r-xp 00001000 fd:01 12059099                   /usr/lib/jvm/java-11-openjdk-amd64/bin/java
5620b8ef7000-5620b8ef8000 r--p 00002000 fd:01 12059099                   /usr/lib/jvm/java-11-openjdk-amd64/bin/java
5620b8ef8000-5620b8ef9000 r--p 00002000 fd:01 12059099                   /usr/lib/jvm/java-11-openjdk-amd64/bin/java
5620b8ef9000-5620b8efa000 rw-p 00003000 fd:01 12059099                   /usr/lib/jvm/java-11-openjdk-amd64/bin/java
5620b9083000-5620b90a4000 rw-p 00000000 00:00 0                          [heap]
7fb310000000-7fb310021000 rw-p 00000000 00:00 0 
7fb310021000-7fb314000000 ---p 00000000 00:00 0 
7fb315cfd000-7fb318000000 rw-p 00000000 00:00 0 
7fb318000000-7fb318021000 rw-p 00000000 00:00 0 
7fb318021000-7fb31c000000 ---p 00000000 00:00 0 
7fb31c08d000-7fb31c18e000 rw-p 00000000 00:00 0 
7fb31c18e000-7fb31c18f000 ---p 00000000 00:00 0 
7fb31c18f000-7fb31c290000 rw-p 00000000 00:00 0 
7fb31c290000-7fb320000000 ---p 00000000 00:00 0 
7fb320000000-7fb320021000 rw-p 00000000 00:00 0 
7fb320021000-7fb324000000 ---p 00000000 00:00 0 
7fb3240db000-7fb3240dc000 ---p 00000000 00:00 0 
7fb3240dc000-7fb3241dd000 rw-p 00000000 00:00 0 
7fb3241dd000-7fb32498b000 ---p 00000000 00:00 0 
7fb32498b000-7fb324bfb000 rwxp 00000000 00:00 0 
7fb324bfb000-7fb324f1b000 ---p 00000000 00:00 0 
7fb324f1b000-7fb32518b000 rwxp 00000000 00:00 0 
7fb32518b000-7fb32c453000 ---p 00000000 00:00 0 
7fb32c453000-7fb32c6c3000 rwxp 00000000 00:00 0 
7fb32c6c3000-7fb33398b000 ---p 00000000 00:00 0 
7fb33398b000-7fb33c000000 r--s 00000000 fd:01 12068046                   /usr/lib/jvm/java-11-openjdk-amd64/lib/modules
7fb33c000000-7fb33c075000 rw-p 00000000 00:00 0 
7fb33c075000-7fb340000000 ---p 00000000 00:00 0 
7fb340053000-7fb340095000 rw-p 00000000 00:00 0 
7fb340095000-7fb34046c000 ---p 00000000 00:00 0 
7fb34046c000-7fb340870000 rw-p 00000000 00:00 0 
7fb340870000-7fb340871000 ---p 00000000 00:00 0 
7fb340871000-7fb340977000 rw-p 00000000 00:00 0 
7fb340977000-7fb340a5d000 ---p 00000000 00:00 0 
7fb340a5d000-7fb340a62000 rw-p 00000000 00:00 0 
7fb340a62000-7fb340b48000 ---p 00000000 00:00 0 
7fb340b48000-7fb340b4b000 r--p 00000000 fd:01 7869306                    /lib/x86_64-linux-gnu/libnss_files-2.28.so
7fb340b4b000-7fb340b52000 r-xp 00003000 fd:01 7869306                    /lib/x86_64-linux-gnu/libnss_files-2.28.so
7fb340b52000-7fb340b55000 r--p 0000a000 fd:01 7869306                    /lib/x86_64-linux-gnu/libnss_files-2.28.so
7fb340b55000-7fb340b56000 r--p 0000c000 fd:01 7869306                    /lib/x86_64-linux-gnu/libnss_files-2.28.so
7fb340b56000-7fb340b57000 rw-p 0000d000 fd:01 7869306                    /lib/x86_64-linux-gnu/libnss_files-2.28.so
7fb340b57000-7fb340b5d000 rw-p 00000000 00:00 0 
7fb340b6d000-7fb340b72000 rw-p 00000000 00:00 0 
7fb340b72000-7fb340b79000 ---p 00000000 00:00 0 
7fb340b79000-7fb340b7b000 r--p 00000000 fd:01 12067441                   /usr/lib/jvm/java-11-openjdk-amd64/lib/libjimage.so
7fb340b7b000-7fb340b7e000 r-xp 00002000 fd:01 12067441                   /usr/lib/jvm/java-11-openjdk-amd64/lib/libjimage.so
7fb340b7e000-7fb340b80000 r--p 00005000 fd:01 12067441                   /usr/lib/jvm/java-11-openjdk-amd64/lib/libjimage.so
7fb340b80000-7fb340b81000 r--p 00006000 fd:01 12067441                   /usr/lib/jvm/java-11-openjdk-amd64/lib/libjimage.so
7fb340b81000-7fb340b82000 rw-p 00007000 fd:01 12067441                   /usr/lib/jvm/java-11-openjdk-amd64/lib/libjimage.so
7fb340b82000-7fb340b8f000 r--p 00000000 fd:01 12067437                   /usr/lib/jvm/java-11-openjdk-amd64/lib/libjava.so
7fb340b8f000-7fb340ba6000 r-xp 0000d000 fd:01 12067437                   /usr/lib/jvm/java-11-openjdk-amd64/lib/libjava.so
7fb340ba6000-7fb340bad000 r--p 00024000 fd:01 12067437                   /usr/lib/jvm/java-11-openjdk-amd64/lib/libjava.so
7fb340bad000-7fb340bae000 r--p 0002a000 fd:01 12067437                   /usr/lib/jvm/java-11-openjdk-amd64/lib/libjava.so
7fb340bae000-7fb340bb0000 rw-p 0002b000 fd:01 12067437                   /usr/lib/jvm/java-11-openjdk-amd64/lib/libjava.so
7fb340bb0000-7fb340bb2000 r--p 00000000 fd:01 7869356                    /lib/x86_64-linux-gnu/librt-2.28.so
7fb340bb2000-7fb340bb6000 r-xp 00002000 fd:01 7869356                    /lib/x86_64-linux-gnu/librt-2.28.so
7fb340bb6000-7fb340bb8000 r--p 00006000 fd:01 7869356                    /lib/x86_64-linux-gnu/librt-2.28.so
7fb340bb8000-7fb340bb9000 r--p 00007000 fd:01 7869356                    /lib/x86_64-linux-gnu/librt-2.28.so
7fb340bb9000-7fb340bba000 rw-p 00008000 fd:01 7869356                    /lib/x86_64-linux-gnu/librt-2.28.so
7fb340bba000-7fb340bbe000 ---p 00000000 00:00 0 
7fb340bbe000-7fb340cbb000 rw-p 00000000 00:00 0 
7fb340cbb000-7fb340cbe000 r--p 00000000 fd:01 7869253                    /lib/x86_64-linux-gnu/libgcc_s.so.1
7fb340cbe000-7fb340ccf000 r-xp 00003000 fd:01 7869253                    /lib/x86_64-linux-gnu/libgcc_s.so.1
7fb340ccf000-7fb340cd2000 r--p 00014000 fd:01 7869253                    /lib/x86_64-linux-gnu/libgcc_s.so.1
7fb340cd2000-7fb340cd3000 ---p 00017000 fd:01 7869253                    /lib/x86_64-linux-gnu/libgcc_s.so.1
7fb340cd3000-7fb340cd4000 r--p 00017000 fd:01 7869253                    /lib/x86_64-linux-gnu/libgcc_s.so.1
7fb340cd4000-7fb340cd5000 rw-p 00018000 fd:01 7869253                    /lib/x86_64-linux-gnu/libgcc_s.so.1
7fb340cd5000-7fb340ce2000 r--p 00000000 fd:01 7869279                    /lib/x86_64-linux-gnu/libm-2.28.so
7fb340ce2000-7fb340d8d000 r-xp 0000d000 fd:01 7869279                    /lib/x86_64-linux-gnu/libm-2.28.so
7fb340d8d000-7fb340e60000 r--p 000b8000 fd:01 7869279                    /lib/x86_64-linux-gnu/libm-2.28.so
7fb340e60000-7fb340e61000 r--p 0018a000 fd:01 7869279                    /lib/x86_64-linux-gnu/libm-2.28.so
7fb340e61000-7fb340e62000 rw-p 0018b000 fd:01 7869279                    /lib/x86_64-linux-gnu/libm-2.28.so
7fb340e62000-7fb340eeb000 r--p 00000000 fd:01 12068366                   /usr/lib/x86_64-linux-gnu/libstdc++.so.6.0.25
7fb340eeb000-7fb340f9e000 r-xp 00089000 fd:01 12068366                   /usr/lib/x86_64-linux-gnu/libstdc++.so.6.0.25
7fb340f9e000-7fb340fdc000 r--p 0013c000 fd:01 12068366                   /usr/lib/x86_64-linux-gnu/libstdc++.so.6.0.25
7fb340fdc000-7fb340fe6000 r--p 00179000 fd:01 12068366                   /usr/lib/x86_64-linux-gnu/libstdc++.so.6.0.25
7fb340fe6000-7fb340fe8000 rw-p 00183000 fd:01 12068366                   /usr/lib/x86_64-linux-gnu/libstdc++.so.6.0.25
7fb340fe8000-7fb340fec000 rw-p 00000000 00:00 0 
7fb340fec000-7fb341279000 r--p 00000000 fd:01 12068101                   /usr/lib/jvm/java-11-openjdk-amd64/lib/server/libjvm.so
7fb341279000-7fb341dba000 r-xp 0028d000 fd:01 12068101                   /usr/lib/jvm/java-11-openjdk-amd64/lib/server/libjvm.so
7fb341dba000-7fb342001000 r--p 00dce000 fd:01 12068101                   /usr/lib/jvm/java-11-openjdk-amd64/lib/server/libjvm.so
7fb342001000-7fb3420c9000 r--p 01014000 fd:01 12068101                   /usr/lib/jvm/java-11-openjdk-amd64/lib/server/libjvm.so
7fb3420c9000-7fb342103000 rw-p 010dc000 fd:01 12068101                   /usr/lib/jvm/java-11-openjdk-amd64/lib/server/libjvm.so
7fb342103000-7fb34215a000 rw-p 00000000 00:00 0 
7fb34215a000-7fb342160000 r--p 00000000 fd:01 7869348                    /lib/x86_64-linux-gnu/libpthread-2.28.so
7fb342160000-7fb34216f000 r-xp 00006000 fd:01 7869348                    /lib/x86_64-linux-gnu/libpthread-2.28.so
7fb34216f000-7fb342175000 r--p 00015000 fd:01 7869348                    /lib/x86_64-linux-gnu/libpthread-2.28.so
7fb342175000-7fb342176000 r--p 0001a000 fd:01 7869348                    /lib/x86_64-linux-gnu/libpthread-2.28.so
7fb342176000-7fb342177000 rw-p 0001b000 fd:01 7869348                    /lib/x86_64-linux-gnu/libpthread-2.28.so
7fb342177000-7fb34217b000 rw-p 00000000 00:00 0 
7fb34217b000-7fb34217c000 r--p 00000000 fd:01 7869239                    /lib/x86_64-linux-gnu/libdl-2.28.so
7fb34217c000-7fb34217e000 r-xp 00001000 fd:01 7869239                    /lib/x86_64-linux-gnu/libdl-2.28.so
7fb34217e000-7fb34217f000 r--p 00003000 fd:01 7869239                    /lib/x86_64-linux-gnu/libdl-2.28.so
7fb34217f000-7fb342180000 r--p 00003000 fd:01 7869239                    /lib/x86_64-linux-gnu/libdl-2.28.so
7fb342180000-7fb342181000 rw-p 00004000 fd:01 7869239                    /lib/x86_64-linux-gnu/libdl-2.28.so
7fb342181000-7fb34219d000 r-xp 00000000 fd:01 7869387                    /lib/x86_64-linux-gnu/libz.so.1.2.11
7fb34219d000-7fb34239c000 ---p 0001c000 fd:01 7869387                    /lib/x86_64-linux-gnu/libz.so.1.2.11
7fb34239c000-7fb34239d000 r--p 0001b000 fd:01 7869387                    /lib/x86_64-linux-gnu/libz.so.1.2.11
7fb34239d000-7fb34239e000 rw-p 0001c000 fd:01 7869387                    /lib/x86_64-linux-gnu/libz.so.1.2.11
7fb34239e000-7fb3423c0000 r--p 00000000 fd:01 7869218                    /lib/x86_64-linux-gnu/libc-2.28.so
7fb3423c0000-7fb342531000 r-xp 00022000 fd:01 7869218                    /lib/x86_64-linux-gnu/libc-2.28.so
7fb342531000-7fb34257d000 r--p 00193000 fd:01 7869218                    /lib/x86_64-linux-gnu/libc-2.28.so
7fb34257d000-7fb34257e000 ---p 001df000 fd:01 7869218                    /lib/x86_64-linux-gnu/libc-2.28.so
7fb34257e000-7fb342582000 r--p 001df000 fd:01 7869218                    /lib/x86_64-linux-gnu/libc-2.28.so
7fb342582000-7fb342584000 rw-p 001e3000 fd:01 7869218                    /lib/x86_64-linux-gnu/libc-2.28.so
7fb342584000-7fb342588000 rw-p 00000000 00:00 0 
7fb342588000-7fb34258a000 r--p 00000000 fd:01 12068036                   /usr/lib/jvm/java-11-openjdk-amd64/lib/libzip.so
7fb34258a000-7fb34258e000 r-xp 00002000 fd:01 12068036                   /usr/lib/jvm/java-11-openjdk-amd64/lib/libzip.so
7fb34258e000-7fb342590000 r--p 00006000 fd:01 12068036                   /usr/lib/jvm/java-11-openjdk-amd64/lib/libzip.so
7fb342590000-7fb342591000 r--p 00007000 fd:01 12068036                   /usr/lib/jvm/java-11-openjdk-amd64/lib/libzip.so
7fb342591000-7fb342592000 rw-p 00008000 fd:01 12068036                   /usr/lib/jvm/java-11-openjdk-amd64/lib/libzip.so
7fb342592000-7fb34259a000 rw-s 00000000 fd:01 8000222                    /tmp/hsperfdata_andy/19774
7fb34259a000-7fb34259b000 ---p 00000000 00:00 0 
7fb34259b000-7fb34259c000 r--p 00000000 00:00 0 
7fb34259c000-7fb3425a1000 r--p 00000000 fd:01 12068035                   /usr/lib/jvm/java-11-openjdk-amd64/lib/libverify.so
7fb3425a1000-7fb3425a8000 r-xp 00005000 fd:01 12068035                   /usr/lib/jvm/java-11-openjdk-amd64/lib/libverify.so
7fb3425a8000-7fb3425aa000 r--p 0000c000 fd:01 12068035                   /usr/lib/jvm/java-11-openjdk-amd64/lib/libverify.so
7fb3425aa000-7fb3425ac000 r--p 0000d000 fd:01 12068035                   /usr/lib/jvm/java-11-openjdk-amd64/lib/libverify.so
7fb3425ac000-7fb3425ad000 rw-p 0000f000 fd:01 12068035                   /usr/lib/jvm/java-11-openjdk-amd64/lib/libverify.so
7fb3425ad000-7fb3425b0000 r--p 00000000 fd:01 12067170                   /usr/lib/jvm/java-11-openjdk-amd64/lib/jli/libjli.so
7fb3425b0000-7fb3425ba000 r-xp 00003000 fd:01 12067170                   /usr/lib/jvm/java-11-openjdk-amd64/lib/jli/libjli.so
7fb3425ba000-7fb3425bd000 r--p 0000d000 fd:01 12067170                   /usr/lib/jvm/java-11-openjdk-amd64/lib/jli/libjli.so
7fb3425bd000-7fb3425be000 r--p 0000f000 fd:01 12067170                   /usr/lib/jvm/java-11-openjdk-amd64/lib/jli/libjli.so
7fb3425be000-7fb3425bf000 rw-p 00010000 fd:01 12067170                   /usr/lib/jvm/java-11-openjdk-amd64/lib/jli/libjli.so
7fb3425bf000-7fb3425c1000 rw-p 00000000 00:00 0 
7fb3425c1000-7fb3425c2000 r--p 00000000 fd:01 7869192                    /lib/x86_64-linux-gnu/ld-2.28.so
7fb3425c2000-7fb3425e2000 r-xp 00001000 fd:01 7869192                    /lib/x86_64-linux-gnu/ld-2.28.so
7fb3425e2000-7fb3425ea000 r--p 00021000 fd:01 7869192                    /lib/x86_64-linux-gnu/ld-2.28.so
7fb3425ea000-7fb3425eb000 r--p 00028000 fd:01 7869192                    /lib/x86_64-linux-gnu/ld-2.28.so
7fb3425eb000-7fb3425ec000 rw-p 00029000 fd:01 7869192                    /lib/x86_64-linux-gnu/ld-2.28.so
7fb3425ec000-7fb3425ed000 rw-p 00000000 00:00 0 
7fff9ba9a000-7fff9babc000 rw-p 00000000 00:00 0                          [stack]
7fff9bb42000-7fff9bb45000 r--p 00000000 00:00 0                          [vvar]
7fff9bb45000-7fff9bb47000 r-xp 00000000 00:00 0                          [vdso]
ffffffffff600000-ffffffffff601000 r-xp 00000000 00:00 0                  [vsyscall]


VM Arguments:
java_command: /home/andy/go/src/github.com/the4thamigo-uk/kafka-play/java/stream_processors/join_to_latest/target/surefire/surefirebooter6243606893694138387.jar /home/andy/go/src/github.com/the4thamigo-uk/kafka-play/java/stream_processors/join_to_latest/target/surefire/surefire10072583454765715471tmp /home/andy/go/src/github.com/the4thamigo-uk/kafka-play/java/stream_processors/join_to_latest/target/surefire/surefire_05547498403824662683tmp
java_class_path (initial): /home/andy/go/src/github.com/the4thamigo-uk/kafka-play/java/stream_processors/join_to_latest/target/surefire/surefirebooter6243606893694138387.jar
Launcher Type: SUN_STANDARD

[Global flags]
     intx CICompilerCount                          = 3                                         {product} {ergonomic}
     uint ConcGCThreads                            = 1                                         {product} {ergonomic}
     uint G1ConcRefinementThreads                  = 4                                         {product} {ergonomic}
   size_t G1HeapRegionSize                         = 1048576                                   {product} {ergonomic}
    uintx GCDrainStackTargetSize                   = 64                                        {product} {ergonomic}
   size_t InitialHeapSize                          = 130023424                                 {product} {ergonomic}
   size_t MarkStackSize                            = 4194304                                   {product} {ergonomic}
   size_t MaxHeapSize                              = 2061500416                                {product} {ergonomic}
   size_t MinHeapDeltaBytes                        = 1048576                                   {product} {ergonomic}
    uintx NonNMethodCodeHeapSize                   = 5830092                                {pd product} {ergonomic}
    uintx NonProfiledCodeHeapSize                  = 122914074                              {pd product} {ergonomic}
    uintx ProfiledCodeHeapSize                     = 122914074                              {pd product} {ergonomic}
    uintx ReservedCodeCacheSize                    = 251658240                              {pd product} {ergonomic}
     bool SegmentedCodeCache                       = true                                      {product} {ergonomic}
     bool UseCompressedClassPointers               = true                                 {lp64_product} {ergonomic}
     bool UseCompressedOops                        = true                                 {lp64_product} {ergonomic}
     bool UseG1GC                                  = true                                      {product} {ergonomic}

Logging:
Log output configuration:
 #0: stdout all=warning uptime,level,tags
 #1: stderr all=off uptime,level,tags

Environment Variables:
PATH=/usr/local/sbin:/usr/local/bin:/usr/sbin:/usr/bin:/sbin:/bin:/usr/games:/usr/local/games:/snap/bin:/usr/local/go/bin:/home/andy/go/bin
SHELL=/bin/bash
DISPLAY=:0.0

Signal Handlers:
SIGSEGV: [libjvm.so+0xd54b00], sa_mask[0]=11111111011111111101111111111110, sa_flags=SA_RESTART|SA_SIGINFO
SIGBUS: [libjvm.so+0xd54b00], sa_mask[0]=11111111011111111101111111111110, sa_flags=SA_RESTART|SA_SIGINFO
SIGFPE: [libjvm.so+0xd54b00], sa_mask[0]=11111111011111111101111111111110, sa_flags=SA_RESTART|SA_SIGINFO
SIGPIPE: [libjvm.so+0xb5cc10], sa_mask[0]=11111111011111111101111111111110, sa_flags=SA_RESTART|SA_SIGINFO
SIGXFSZ: [libjvm.so+0xb5cc10], sa_mask[0]=11111111011111111101111111111110, sa_flags=SA_RESTART|SA_SIGINFO
SIGILL: [libjvm.so+0xd54b00], sa_mask[0]=11111111011111111101111111111110, sa_flags=SA_RESTART|SA_SIGINFO
SIGUSR2: [libjvm.so+0xb5caa0], sa_mask[0]=00100000000000000000000000000000, sa_flags=SA_RESTART|SA_SIGINFO
SIGHUP: SIG_DFL, sa_mask[0]=00000000000000000000000000000000, sa_flags=none
SIGINT: SIG_DFL, sa_mask[0]=00000000000000000000000000000000, sa_flags=none
SIGTERM: SIG_DFL, sa_mask[0]=00000000000000000000000000000000, sa_flags=none
SIGQUIT: SIG_DFL, sa_mask[0]=00000000000000000000000000000000, sa_flags=none


---------------  S Y S T E M  ---------------

OS:DISTRIB_ID=Ubuntu
DISTRIB_RELEASE=18.10
DISTRIB_CODENAME=cosmic
DISTRIB_DESCRIPTION="Ubuntu 18.10"
uname:Linux 4.18.0-16-generic #17-Ubuntu SMP Fri Feb 8 00:06:57 UTC 2019 x86_64
libc:glibc 2.28 NPTL 2.28 
rlimit: STACK 8192k, CORE 0k, NPROC 30863, NOFILE 1048576, AS infinity, DATA infinity, FSIZE infinity
load average:2.36 0.92 0.74

/proc/meminfo:
MemTotal:        8046404 kB
MemFree:          119436 kB
MemAvailable:      44056 kB
Buffers:            2440 kB
Cached:           528916 kB
SwapCached:        25028 kB
Active:          4957528 kB
Inactive:        2584040 kB
Active(anon):    4937064 kB
Inactive(anon):  2559056 kB
Active(file):      20464 kB
Inactive(file):    24984 kB
Unevictable:          64 kB
Mlocked:              64 kB
SwapTotal:        999420 kB
SwapFree:              0 kB
Dirty:                72 kB
Writeback:             0 kB
AnonPages:       6986904 kB
Mapped:           353108 kB
Shmem:            485268 kB
Slab:             224824 kB
SReclaimable:      75756 kB
SUnreclaim:       149068 kB
KernelStack:       24416 kB
PageTables:        59492 kB
NFS_Unstable:          0 kB
Bounce:                0 kB
WritebackTmp:          0 kB
CommitLimit:     5022620 kB
Committed_AS:   18456992 kB
VmallocTotal:   34359738367 kB
VmallocUsed:           0 kB
VmallocChunk:          0 kB
HardwareCorrupted:     0 kB
AnonHugePages:         0 kB
ShmemHugePages:        0 kB
ShmemPmdMapped:        0 kB
CmaTotal:              0 kB
CmaFree:               0 kB
HugePages_Total:       0
HugePages_Free:        0
HugePages_Rsvd:        0
HugePages_Surp:        0
Hugepagesize:       2048 kB
Hugetlb:               0 kB
DirectMap4k:      285680 kB
DirectMap2M:     6932480 kB
DirectMap1G:     1048576 kB


/proc/sys/kernel/threads-max (system-wide limit on the number of threads):
61726


/proc/sys/vm/max_map_count (maximum number of memory map areas a process may have):
65530


/proc/sys/kernel/pid_max (system-wide limit on number of process identifiers):
32768


container (cgroup) information:
container_type: cgroupv1
cpu_cpuset_cpus: 0-3
cpu_memory_nodes: 0
active_processor_count: 4
cpu_quota: -1
cpu_period: 100000
cpu_shares: -1
memory_limit_in_bytes: -1
memory_and_swap_limit_in_bytes: -2
memory_soft_limit_in_bytes: -1
memory_usage_in_bytes: 2974707712
memory_max_usage_in_bytes: 3190243328


CPU:total 4 (initial active 4) (2 cores per cpu, 2 threads per core) family 6 model 78 stepping 3, cmov, cx8, fxsr, mmx, sse, sse2, sse3, ssse3, sse4.1, sse4.2, popcnt, avx, avx2, aes, clmul, erms, 3dnowpref, lzcnt, ht, tsc, tscinvbit, bmi1, bmi2, adx, fma
CPU Model and flags from /proc/cpuinfo:
model name	: Intel(R) Core(TM) i7-6500U CPU @ 2.50GHz
flags		: fpu vme de pse tsc msr pae mce cx8 apic sep mtrr pge mca cmov pat pse36 clflush dts acpi mmx fxsr sse sse2 ss ht tm pbe syscall nx pdpe1gb rdtscp lm constant_tsc art arch_perfmon pebs bts rep_good nopl xtopology nonstop_tsc cpuid aperfmperf tsc_known_freq pni pclmulqdq dtes64 monitor ds_cpl vmx est tm2 ssse3 sdbg fma cx16 xtpr pdcm pcid sse4_1 sse4_2 x2apic movbe popcnt tsc_deadline_timer aes xsave avx f16c rdrand lahf_lm abm 3dnowprefetch cpuid_fault epb invpcid_single pti ssbd ibrs ibpb stibp tpr_shadow vnmi flexpriority ept vpid fsgsbase tsc_adjust bmi1 avx2 smep bmi2 erms invpcid mpx rdseed adx smap clflushopt intel_pt xsaveopt xsavec xgetbv1 xsaves dtherm ida arat pln pts hwp hwp_notify hwp_act_window hwp_epp flush_l1d

Memory: 4k page, physical 8046404k(119436k free), swap 999420k(0k free)

vm_info: OpenJDK 64-Bit Server VM (11.0.1+13-Ubuntu-3ubuntu3.18.10.1) for linux-amd64 JRE (11.0.1+13-Ubuntu-3ubuntu3.18.10.1), built on Jan 14 2019 04:14:40 by "buildd" with gcc 8.2.0

END.
